<?xml version="1.0" encoding="UTF-8"?>
<!-- Generated by org.testng.reporters.JUnitReportReporter -->
<testsuite hostname="Pandey-PC" failures="0" tests="2" name="com.testCases.LoginPageTest" time="93.083" errors="0" timestamp="2021-07-26T10:36:05 IST" skipped="0">
  <testcase classname="com.testCases.LoginPageTest" name="loginPageTitleTest" time="23.755"/>
  <system-out/>
  <testcase classname="com.testCases.LoginPageTest" name="loginTest" time="69.328"/>
  <system-out/>
</testsuite> <!-- com.testCases.LoginPageTest -->
